<?xml version="1.0" encoding="UTF-8"?>
<testsuite name="Run On Chrome browser"
           tests="10"
           failures="1"
           errors="0"
           skipped="0"
           time="164.596">
  <properties />
            <testcase name="TC_09_Verify_That_You_Are_Able_To_Purchase_Product" time="49.361" classname="liveguruLOCAL.Test_Cases_For_User_Role">
                <failure type="org.openqa.selenium.TimeoutException"
                  message="Expected condition failed: waiting for visibility of element located by By.xpath: //p[contains(.,&apos;Your order&apos;)]/a (tried for 30 second(s) with 500 milliseconds interval)
Build info: version: &apos;4.23.0&apos;, revision: &apos;4df0a231af&apos;
System info: os.name: &apos;Windows 10&apos;, os.arch: &apos;amd64&apos;, os.version: &apos;10.0&apos;, java.version: &apos;11.0.14&apos;
Driver info: org.openqa.selenium.chrome.ChromeDriver
Capabilities {acceptInsecureCerts: false, browserName: chrome, browserVersion: 126.0.6478.183, chrome: {chromedriverVersion: 126.0.6478.182 (5b5d8292ddf..., userDataDir: C:\Users\USER\AppData\Local...}, fedcm:accounts: true, goog:chromeOptions: {debuggerAddress: localhost:49854}, networkConnectionEnabled: false, pageLoadStrategy: normal, platformName: windows, proxy: Proxy(), se:cdp: ws://localhost:49854/devtoo..., se:cdpVersion: 126.0.6478.183, setWindowRect: true, strictFileInteractability: false, timeouts: {implicit: 0, pageLoad: 300000, script: 30000}, unhandledPromptBehavior: dismiss and notify, webauthn:extension:credBlob: true, webauthn:extension:largeBlob: true, webauthn:extension:minPinLength: true, webauthn:extension:prf: true, webauthn:virtualAuthenticators: true}
Session ID: 6ba378eba7d7427bc5c523789eb3137a"
              >
<![CDATA[org.openqa.selenium.TimeoutException: Expected condition failed: waiting for visibility of element located by By.xpath: //p[contains(.,'Your order')]/a (tried for 30 second(s) with 500 milliseconds interval)
Build info: version: '4.23.0', revision: '4df0a231af'
System info: os.name: 'Windows 10', os.arch: 'amd64', os.version: '10.0', java.version: '11.0.14'
Driver info: org.openqa.selenium.chrome.ChromeDriver
Capabilities {acceptInsecureCerts: false, browserName: chrome, browserVersion: 126.0.6478.183, chrome: {chromedriverVersion: 126.0.6478.182 (5b5d8292ddf..., userDataDir: C:\Users\USER\AppData\Local...}, fedcm:accounts: true, goog:chromeOptions: {debuggerAddress: localhost:49854}, networkConnectionEnabled: false, pageLoadStrategy: normal, platformName: windows, proxy: Proxy(), se:cdp: ws://localhost:49854/devtoo..., se:cdpVersion: 126.0.6478.183, setWindowRect: true, strictFileInteractability: false, timeouts: {implicit: 0, pageLoad: 300000, script: 30000}, unhandledPromptBehavior: dismiss and notify, webauthn:extension:credBlob: true, webauthn:extension:largeBlob: true, webauthn:extension:minPinLength: true, webauthn:extension:prf: true, webauthn:virtualAuthenticators: true}
Session ID: 6ba378eba7d7427bc5c523789eb3137a
  org.openqa.selenium.support.ui.WebDriverWait.timeoutException(WebDriverWait.java:84)
  org.openqa.selenium.support.ui.FluentWait.until(FluentWait.java:228)
  commons.BasePage.waitForElementVisible(BasePage.java:418)
  pageObjects.user.CheckoutPO.isTheOrderNumberGenerated(CheckoutPO.java:47)
  liveguruLOCAL.Test_Cases_For_User_Role.TC_09_Verify_That_You_Are_Able_To_Purchase_Product(Test_Cases_For_User_Role.java:369)
  java.base/jdk.internal.reflect.NativeMethodAccessorImpl.invoke0(Native Method)
  java.base/jdk.internal.reflect.NativeMethodAccessorImpl.invoke(NativeMethodAccessorImpl.java:62)
  java.base/jdk.internal.reflect.DelegatingMethodAccessorImpl.invoke(DelegatingMethodAccessorImpl.java:43)
  java.base/java.lang.reflect.Method.invoke(Method.java:566)
  org.testng.internal.invokers.MethodInvocationHelper.invokeMethod(MethodInvocationHelper.java:139)
  org.testng.internal.invokers.TestInvoker.invokeMethod(TestInvoker.java:664)
  org.testng.internal.invokers.TestInvoker.invokeTestMethod(TestInvoker.java:227)
  org.testng.internal.invokers.MethodRunner.runInSequence(MethodRunner.java:50)
  org.testng.internal.invokers.TestInvoker$MethodInvocationAgent.invoke(TestInvoker.java:957)
  org.testng.internal.invokers.TestInvoker.invokeTestMethods(TestInvoker.java:200)
  org.testng.internal.invokers.TestMethodWorker.invokeTestMethods(TestMethodWorker.java:148)
  org.testng.internal.invokers.TestMethodWorker.run(TestMethodWorker.java:128)
  java.base/java.util.ArrayList.forEach(ArrayList.java:1541)
  org.testng.TestRunner.privateRun(TestRunner.java:848)
  org.testng.TestRunner.run(TestRunner.java:621)
  org.testng.SuiteRunner.runTest(SuiteRunner.java:443)
  org.testng.SuiteRunner.runSequentially(SuiteRunner.java:437)
  org.testng.SuiteRunner.privateRun(SuiteRunner.java:397)
  org.testng.SuiteRunner.run(SuiteRunner.java:336)
  org.testng.SuiteRunnerWorker.runSuite(SuiteRunnerWorker.java:52)
  org.testng.SuiteRunnerWorker.run(SuiteRunnerWorker.java:95)
  org.testng.TestNG.runSuitesSequentially(TestNG.java:1280)
  org.testng.TestNG.runSuitesLocally(TestNG.java:1200)
  org.testng.TestNG.runSuites(TestNG.java:1114)
  org.testng.TestNG.run(TestNG.java:1082)
  com.intellij.rt.testng.IDEARemoteTestNG.run(IDEARemoteTestNG.java:65)
  com.intellij.rt.testng.RemoteTestNGStarter.main(RemoteTestNGStarter.java:105)
]]>
      </failure>

          </testcase>
  
  
            <testcase name="TC_10_Verify_Search_Functionality" time="14.672" classname="liveguruLOCAL.Test_Cases_For_User_Role" />
                <testcase name="TC_08_Verify_That_You_Can_Add_Your_Review" time="17.824" classname="liveguruLOCAL.Test_Cases_For_User_Role" />
                <testcase name="TC_07_Verify_That_You_Can_Share_Wishlist_To_Other_People_Using_Email" time="15.986" classname="liveguruLOCAL.Test_Cases_For_User_Role" />
                <testcase name="TC_01_Register_Success_To_System" time="12.852" classname="liveguruLOCAL.Test_Cases_For_User_Role" />
                <testcase name="TC_02_Login_Success_To_System" time="9.032" classname="liveguruLOCAL.Test_Cases_For_User_Role" />
                <testcase name="TC_05_Verify_That_You_Can_Not_Add_More_500_Items_Of_Product" time="11.681" classname="liveguruLOCAL.Test_Cases_For_User_Role" />
                <testcase name="TC_03_Verify_That_Cost_Of_Product_In_List_Page_And_Details_Page_Are_Equal" time="8.853" classname="liveguruLOCAL.Test_Cases_For_User_Role" />
                <testcase name="TC_04_Verify_Discount_Coupon_Works_Correctly" time="13.193" classname="liveguruLOCAL.Test_Cases_For_User_Role" />
                <testcase name="TC_06_Verify_That_You_Are_Able_To_Compare_Two_Products" time="11.142" classname="liveguruLOCAL.Test_Cases_For_User_Role" />
      
</testsuite>
